<?xml version="1.0" encoding="UTF-8"?>
<testng-results total="2" passed="2" failed="0" skipped="0">
  <reporter-output>
  </reporter-output>
  <suite started-at="2024-01-01T09:08:53Z" name="Suite" finished-at="2024-01-01T09:09:19Z" duration-ms="26630">
    <groups>
    </groups>
    <test started-at="2024-01-01T09:08:53Z" name="Test" finished-at="2024-01-01T09:09:19Z" duration-ms="26630">
      <class name="com_hrms_testsripts3.TC002">
        <test-method signature="tc002()[pri:0, instance:com_hrms_testsripts3.TC002@40317ba2]" started-at="2024-01-01T14:38:53Z" name="tc002" finished-at="2024-01-01T14:38:59Z" duration-ms="6575" status="PASS">
          <reporter-output>
          </reporter-output>
        </test-method> <!-- tc002 -->
      </class> <!-- com_hrms_testsripts3.TC002 -->
      <class name="com_hrms_testsripts3.TC001">
        <test-method signature="tc001()[pri:0, instance:com_hrms_testsripts3.TC001@c7045b9]" started-at="2024-01-01T14:38:59Z" name="tc001" finished-at="2024-01-01T14:39:19Z" duration-ms="20043" status="PASS">
          <reporter-output>
          </reporter-output>
        </test-method> <!-- tc001 -->
      </class> <!-- com_hrms_testsripts3.TC001 -->
    </test> <!-- Test -->
  </suite> <!-- Suite -->
</testng-results>
